#
# A fatal error has been detected by the Java Runtime Environment:
#
#  EXCEPTION_ACCESS_VIOLATION (0xc0000005) at pc=0x0290f478, pid=10488, tid=0x0000172c
#
# JRE version: Java(TM) SE Runtime Environment (8.0_111-b14) (build 1.8.0_111-b14)
# Java VM: Java HotSpot(TM) Client VM (25.111-b14 mixed mode windows-x86 )
# Problematic frame:
# J 57 C1 sun.nio.cs.UTF_8$Decoder.decode([BII[C)I (779 bytes) @ 0x0290f478 [0x0290f3c0+0xb8]
#
# Failed to write core dump. Minidumps are not enabled by default on client versions of Windows
#
# If you would like to submit a bug report, please visit:
#   http://bugreport.java.com/bugreport/crash.jsp
#

---------------  T H R E A D  ---------------

Current thread (0x1613d800):  JavaThread "localhost-startStop-1" daemon [_thread_in_Java, id=5932, stack(0x17ff0000,0x18040000)]

siginfo: ExceptionCode=0xc0000005, writing address 0x00000020

Registers:
EAX=0x00000020, EBX=0x054e8720, ECX=0x00000020, EDX=0x054e86f0
ESP=0x1803ec60, EBP=0x1803f070, ESI=0x00000020, EDI=0x00000020
EIP=0x0290f478, EFLAGS=0x00010246

Top of Stack: (sp=0x1803ec60)
0x1803ec60:   0543ea00 1803ec64 14ae7db7 1803ec94
0x1803ec70:   14ae8bd8 00000000 14ae7dd0 00000000
0x1803ec80:   1803ec90 1803ecb8 028547b4 00000001
0x1803ec90:   09fa96b8 0543ea00 1803ec98 14ae7bc7
0x1803eca0:   1803ecd0 14ae8bd8 00000000 14ae7be8
0x1803ecb0:   00000000 1803ecc0 1803ecf4 7766f915
0x1803ecc0:   76ffde95 0000042c 00000020 0543ea00
0x1803ecd0:   00000020 00000000 1c22e080 00002000 

Instructions: (pc=0x0290f478)
0x0290f458:   8b 44 24 70 3b c8 0f 8d 14 00 00 00 eb ca bf 00
0x0290f468:   00 00 00 89 7c 24 74 8b 44 24 68 e9 10 00 00 00
0x0290f478:   bf 00 00 00 00 89 7c 24 74 8b 44 24 68 66 66 90
0x0290f488:   3b f0 0f 8d 6c 0c 00 00 8b fe 47 89 bc 24 c4 00 


Register to memory mapping:

EAX=0x00000020 is an unknown value
EBX=
[error occurred during error reporting (printing register info), id 0xc0000005]

Stack: [0x17ff0000,0x18040000],  sp=0x1803ec60,  free space=315k
Native frames: (J=compiled Java code, j=interpreted, Vv=VM code, C=native code)
J 57 C1 sun.nio.cs.UTF_8$Decoder.decode([BII[C)I (779 bytes) @ 0x0290f478 [0x0290f3c0+0xb8]
J 3660 C1 java.util.zip.ZipCoder.toString([BI)Ljava/lang/String; (190 bytes) @ 0x02ef94ec [0x02ef9130+0x3bc]
J 404 C1 java.util.zip.ZipFile.getZipEntry(Ljava/lang/String;J)Ljava/util/zip/ZipEntry; (236 bytes) @ 0x0298cb80 [0x0298ca80+0x100]
J 3674 C1 java.util.zip.ZipFile$ZipEntryIterator.next()Ljava/util/zip/ZipEntry; (212 bytes) @ 0x02efcb98 [0x02efca20+0x178]
J 3672 C1 java.util.zip.ZipFile$ZipEntryIterator.nextElement()Ljava/lang/Object; (5 bytes) @ 0x02efc520 [0x02efc500+0x20]
J 4082 C1 org.springframework.core.io.support.PathMatchingResourcePatternResolver.doFindPathMatchingJarResources(Lorg/springframework/core/io/Resource;Ljava/lang/String;)Ljava/util/Set; (433 bytes) @ 0x02fb5504 [0x02fb4d00+0x804]
j  org.springframework.core.io.support.PathMatchingResourcePatternResolver.findPathMatchingResources(Ljava/lang/String;)[Lorg/springframework/core/io/Resource;+121
j  org.springframework.core.io.support.PathMatchingResourcePatternResolver.getResources(Ljava/lang/String;)[Lorg/springframework/core/io/Resource;+38
j  org.springframework.context.support.AbstractApplicationContext.getResources(Ljava/lang/String;)[Lorg/springframework/core/io/Resource;+5
j  org.springframework.beans.factory.support.AbstractBeanDefinitionReader.loadBeanDefinitions(Ljava/lang/String;Ljava/util/Set;)I+53
j  org.springframework.beans.factory.support.AbstractBeanDefinitionReader.loadBeanDefinitions(Ljava/lang/String;)I+3
j  org.springframework.web.context.support.XmlWebApplicationContext.loadBeanDefinitions(Lorg/springframework/beans/factory/xml/XmlBeanDefinitionReader;)V+34
j  org.springframework.web.context.support.XmlWebApplicationContext.loadBeanDefinitions(Lorg/springframework/beans/factory/support/DefaultListableBeanFactory;)V+41
j  org.springframework.context.support.AbstractRefreshableApplicationContext.refreshBeanFactory()V+35
j  org.springframework.context.support.AbstractApplicationContext.obtainFreshBeanFactory()Lorg/springframework/beans/factory/config/ConfigurableListableBeanFactory;+1
j  org.springframework.context.support.AbstractApplicationContext.refresh()V+12
j  org.springframework.web.context.ContextLoader.configureAndRefreshWebApplicationContext(Lorg/springframework/web/context/ConfigurableWebApplicationContext;Ljavax/servlet/ServletContext;)V+135
j  org.springframework.web.context.ContextLoader.initWebApplicationContext(Ljavax/servlet/ServletContext;)Lorg/springframework/web/context/WebApplicationContext;+132
j  com.thinkgem.jeesite.modules.sys.listener.WebContextListener.initWebApplicationContext(Ljavax/servlet/ServletContext;)Lorg/springframework/web/context/WebApplicationContext;+10
j  org.springframework.web.context.ContextLoaderListener.contextInitialized(Ljavax/servlet/ServletContextEvent;)V+5
j  org.apache.catalina.core.StandardContext.listenerStart()Z+650
j  org.apache.catalina.core.StandardContext.startInternal()V+1206
j  org.apache.catalina.util.LifecycleBase.start()V+210
j  org.apache.catalina.core.ContainerBase$StartChild.call()Ljava/lang/Void;+4
j  org.apache.catalina.core.ContainerBase$StartChild.call()Ljava/lang/Object;+1
j  java.util.concurrent.FutureTask.run()V+42
j  java.util.concurrent.ThreadPoolExecutor.runWorker(Ljava/util/concurrent/ThreadPoolExecutor$Worker;)V+95
j  java.util.concurrent.ThreadPoolExecutor$Worker.run()V+5
j  java.lang.Thread.run()V+11
v  ~StubRoutines::call_stub
V  [jvm.dll+0x15a895]
V  [jvm.dll+0x220bfe]
V  [jvm.dll+0x15a92e]
V  [jvm.dll+0x15aab6]
V  [jvm.dll+0x15ab27]
V  [jvm.dll+0xfef8f]
V  [jvm.dll+0x17d6f0]
V  [jvm.dll+0x17df6a]
V  [jvm.dll+0x1c29c6]
C  [msvcr100.dll+0x5c556]
C  [msvcr100.dll+0x5c600]
C  [kernel32.dll+0x1336a]
C  [ntdll.dll+0x39902]
C  [ntdll.dll+0x398d5]
C  0x00000000


---------------  P R O C E S S  ---------------

Java Threads: ( => current thread )
  0x1a536800 JavaThread "Thread-2" daemon [_thread_in_native, id=9332, stack(0x1d430000,0x1d480000)]
=>0x1613d800 JavaThread "localhost-startStop-1" daemon [_thread_in_Java, id=5932, stack(0x17ff0000,0x18040000)]
  0x1613cc00 JavaThread "Tomcat-startStop-1" daemon [_thread_blocked, id=9444, stack(0x18130000,0x18180000)]
  0x14f39000 JavaThread "Service Thread" daemon [_thread_blocked, id=3176, stack(0x15570000,0x155c0000)]
  0x14ef2400 JavaThread "C1 CompilerThread0" daemon [_thread_blocked, id=10548, stack(0x153f0000,0x15440000)]
  0x14ef1c00 JavaThread "Monitor Ctrl-Break" daemon [_thread_in_native, id=9644, stack(0x15390000,0x153e0000)]
  0x14ec7400 JavaThread "Attach Listener" daemon [_thread_blocked, id=11136, stack(0x152f0000,0x15340000)]
  0x14eb8400 JavaThread "Signal Dispatcher" daemon [_thread_blocked, id=10388, stack(0x151f0000,0x15240000)]
  0x14ea9800 JavaThread "Finalizer" daemon [_thread_blocked, id=11088, stack(0x15170000,0x151c0000)]
  0x14e83c00 JavaThread "Reference Handler" daemon [_thread_blocked, id=5912, stack(0x04990000,0x049e0000)]
  0x00ecc800 JavaThread "main" [_thread_blocked, id=7488, stack(0x00440000,0x00490000)]

Other Threads:
  0x14e7c000 VMThread [stack: 0x026f0000,0x02740000] [id=9568]
  0x14f53800 WatcherThread [stack: 0x15250000,0x152a0000] [id=10744]

VM state:not at safepoint (normal execution)

VM Mutex/Monitor currently owned by a thread: None

Heap:
 def new generation   total 46528K, used 14795K [0x04a00000, 0x07c70000, 0x09f50000)
  eden space 41408K,  28% used [0x04a00000, 0x055966b8, 0x07270000)
  from space 5120K,  57% used [0x07770000, 0x07a4c8d8, 0x07c70000)
  to   space 5120K,   0% used [0x07270000, 0x07270000, 0x07770000)
 tenured generation   total 103244K, used 81975K [0x09f50000, 0x10423000, 0x14a00000)
   the space 103244K,  79% used [0x09f50000, 0x0ef5dd80, 0x0ef5de00, 0x10423000)
 Metaspace       used 20039K, capacity 20382K, committed 20480K, reserved 20864K

Card table byte_map: [0x00e00000,0x00e90000] byte_map_base: 0x00ddb000

Polling page: 0x00150000

CodeCache: size=32768Kb used=7580Kb max_used=7580Kb free=25188Kb
 bounds [0x02850000, 0x02fc0000, 0x04850000]
 total_blobs=4195 nmethods=4005 adapters=120
 compilation: enabled

Compilation events (10 events):
Event: 30.300 Thread 0x14ef2400 4078             org.springframework.core.io.support.PathMatchingResourcePatternResolver::getPathMatcher (5 bytes)
Event: 30.300 Thread 0x14ef2400 nmethod 4078 0x02fb3e08 code [0x02fb3f00, 0x02fb3f80]
Event: 30.300 Thread 0x14ef2400 4079             org.springframework.util.AntPathMatcher::tokenizePath (14 bytes)
Event: 30.300 Thread 0x14ef2400 nmethod 4079 0x02fb3fc8 code [0x02fb40c0, 0x02fb416c]
Event: 30.300 Thread 0x14ef2400 4080             org.springframework.util.AntPathMatcher::tokenizePattern (91 bytes)
Event: 30.301 Thread 0x14ef2400 nmethod 4080 0x02fb41c8 code [0x02fb4320, 0x02fb4558]
Event: 30.301 Thread 0x14ef2400 4081             org.springframework.util.AntPathMatcher::match (9 bytes)
Event: 30.301 Thread 0x14ef2400 nmethod 4081 0x02fb4708 code [0x02fb4800, 0x02fb48ac]
Event: 30.301 Thread 0x14ef2400 4082   !         org.springframework.core.io.support.PathMatchingResourcePatternResolver::doFindPathMatchingJarResources (433 bytes)
Event: 30.305 Thread 0x14ef2400 nmethod 4082 0x02fb4908 code [0x02fb4d00, 0x02fb5f20]

GC Heap History (10 events):
Event: 28.777 GC heap before
{Heap before GC invocations=115 (full 8):
 def new generation   total 46528K, used 46528K [0x04a00000, 0x07c70000, 0x09f50000)
  eden space 41408K, 100% used [0x04a00000, 0x07270000, 0x07270000)
  from space 5120K, 100% used [0x07270000, 0x07770000, 0x07770000)
  to   space 5120K,   0% used [0x07770000, 0x07770000, 0x07c70000)
 tenured generation   total 103244K, used 68770K [0x09f50000, 0x10423000, 0x14a00000)
   the space 103244K,  66% used [0x09f50000, 0x0e2788a8, 0x0e278a00, 0x10423000)
 Metaspace       used 17414K, capacity 17639K, committed 17664K, reserved 17792K
Event: 28.801 GC heap after
Heap after GC invocations=116 (full 8):
 def new generation   total 46528K, used 5120K [0x04a00000, 0x07c70000, 0x09f50000)
  eden space 41408K,   0% used [0x04a00000, 0x04a00000, 0x07270000)
  from space 5120K, 100% used [0x07770000, 0x07c70000, 0x07c70000)
  to   space 5120K,   0% used [0x07270000, 0x07270000, 0x07770000)
 tenured generation   total 103244K, used 73229K [0x09f50000, 0x10423000, 0x14a00000)
   the space 103244K,  70% used [0x09f50000, 0x0e6d3678, 0x0e6d3800, 0x10423000)
 Metaspace       used 17414K, capacity 17639K, committed 17664K, reserved 17792K
}
Event: 29.036 GC heap before
{Heap before GC invocations=116 (full 8):
 def new generation   total 46528K, used 46528K [0x04a00000, 0x07c70000, 0x09f50000)
  eden space 41408K, 100% used [0x04a00000, 0x07270000, 0x07270000)
  from space 5120K, 100% used [0x07770000, 0x07c70000, 0x07c70000)
  to   space 5120K,   0% used [0x07270000, 0x07270000, 0x07770000)
 tenured generation   total 103244K, used 73229K [0x09f50000, 0x10423000, 0x14a00000)
   the space 103244K,  70% used [0x09f50000, 0x0e6d3678, 0x0e6d3800, 0x10423000)
 Metaspace       used 17414K, capacity 17639K, committed 17664K, reserved 17792K
Event: 29.056 GC heap after
Heap after GC invocations=117 (full 8):
 def new generation   total 46528K, used 5120K [0x04a00000, 0x07c70000, 0x09f50000)
  eden space 41408K,   0% used [0x04a00000, 0x04a00000, 0x07270000)
  from space 5120K, 100% used [0x07270000, 0x07770000, 0x07770000)
  to   space 5120K,   0% used [0x07770000, 0x07770000, 0x07c70000)
 tenured generation   total 103244K, used 77210K [0x09f50000, 0x10423000, 0x14a00000)
   the space 103244K,  74% used [0x09f50000, 0x0eab6aa8, 0x0eab6c00, 0x10423000)
 Metaspace       used 17414K, capacity 17639K, committed 17664K, reserved 17792K
}
Event: 29.283 GC heap before
{Heap before GC invocations=117 (full 8):
 def new generation   total 46528K, used 46528K [0x04a00000, 0x07c70000, 0x09f50000)
  eden space 41408K, 100% used [0x04a00000, 0x07270000, 0x07270000)
  from space 5120K, 100% used [0x07270000, 0x07770000, 0x07770000)
  to   space 5120K,   0% used [0x07770000, 0x07770000, 0x07c70000)
 tenured generation   total 103244K, used 77210K [0x09f50000, 0x10423000, 0x14a00000)
   the space 103244K,  74% used [0x09f50000, 0x0eab6aa8, 0x0eab6c00, 0x10423000)
 Metaspace       used 17437K, capacity 17671K, committed 17792K, reserved 17792K
Event: 29.302 GC heap after
Heap after GC invocations=118 (full 8):
 def new generation   total 46528K, used 5120K [0x04a00000, 0x07c70000, 0x09f50000)
  eden space 41408K,   0% used [0x04a00000, 0x04a00000, 0x07270000)
  from space 5120K, 100% used [0x07770000, 0x07c70000, 0x07c70000)
  to   space 5120K,   0% used [0x07270000, 0x07270000, 0x07770000)
 tenured generation   total 103244K, used 79606K [0x09f50000, 0x10423000, 0x14a00000)
   the space 103244K,  77% used [0x09f50000, 0x0ed0dbc0, 0x0ed0dc00, 0x10423000)
 Metaspace       used 17437K, capacity 17671K, committed 17792K, reserved 17792K
}
Event: 29.635 GC heap before
{Heap before GC invocations=118 (full 8):
 def new generation   total 46528K, used 46528K [0x04a00000, 0x07c70000, 0x09f50000)
  eden space 41408K, 100% used [0x04a00000, 0x07270000, 0x07270000)
  from space 5120K, 100% used [0x07770000, 0x07c70000, 0x07c70000)
  to   space 5120K,   0% used [0x07270000, 0x07270000, 0x07770000)
 tenured generation   total 103244K, used 79606K [0x09f50000, 0x10423000, 0x14a00000)
   the space 103244K,  77% used [0x09f50000, 0x0ed0dbc0, 0x0ed0dc00, 0x10423000)
 Metaspace       used 17872K, capacity 18087K, committed 18176K, reserved 18816K
Event: 29.647 GC heap after
Heap after GC invocations=119 (full 8):
 def new generation   total 46528K, used 1595K [0x04a00000, 0x07c70000, 0x09f50000)
  eden space 41408K,   0% used [0x04a00000, 0x04a00000, 0x07270000)
  from space 5120K,  31% used [0x07270000, 0x073fed40, 0x07770000)
  to   space 5120K,   0% used [0x07770000, 0x07770000, 0x07c70000)
 tenured generation   total 103244K, used 81975K [0x09f50000, 0x10423000, 0x14a00000)
   the space 103244K,  79% used [0x09f50000, 0x0ef5dd80, 0x0ef5de00, 0x10423000)
 Metaspace       used 17872K, capacity 18087K, committed 18176K, reserved 18816K
}
Event: 30.197 GC heap before
{Heap before GC invocations=119 (full 8):
 def new generation   total 46528K, used 43003K [0x04a00000, 0x07c70000, 0x09f50000)
  eden space 41408K, 100% used [0x04a00000, 0x07270000, 0x07270000)
  from space 5120K,  31% used [0x07270000, 0x073fed40, 0x07770000)
  to   space 5120K,   0% used [0x07770000, 0x07770000, 0x07c70000)
 tenured generation   total 103244K, used 81975K [0x09f50000, 0x10423000, 0x14a00000)
   the space 103244K,  79% used [0x09f50000, 0x0ef5dd80, 0x0ef5de00, 0x10423000)
 Metaspace       used 20022K, capacity 20350K, committed 20352K, reserved 20864K
Event: 30.207 GC heap after
Heap after GC invocations=120 (full 8):
 def new generation   total 46528K, used 2930K [0x04a00000, 0x07c70000, 0x09f50000)
  eden space 41408K,   0% used [0x04a00000, 0x04a00000, 0x07270000)
  from space 5120K,  57% used [0x07770000, 0x07a4c8d8, 0x07c70000)
  to   space 5120K,   0% used [0x07270000, 0x07270000, 0x07770000)
 tenured generation   total 103244K, used 81975K [0x09f50000, 0x10423000, 0x14a00000)
   the space 103244K,  79% used [0x09f50000, 0x0ef5dd80, 0x0ef5de00, 0x10423000)
 Metaspace       used 20022K, capacity 20350K, committed 20352K, reserved 20864K
}

Deoptimization events (0 events):
No events

Internal exceptions (10 events):
Event: 30.069 Thread 0x1613d800 Exception <a 'java/lang/ArrayIndexOutOfBoundsException'> (0x06c88268) thrown at [C:\re\workspace\8-2-build-windows-i586-cygwin\jdk8u111\7883\hotspot\src\share\vm\runtime\sharedRuntime.cpp, line 605]
Event: 30.071 Thread 0x1613d800 Exception <a 'java/lang/ArrayIndexOutOfBoundsException'> (0x06c93eb0) thrown at [C:\re\workspace\8-2-build-windows-i586-cygwin\jdk8u111\7883\hotspot\src\share\vm\runtime\sharedRuntime.cpp, line 605]
Event: 30.072 Thread 0x1613d800 Exception <a 'java/lang/ArrayIndexOutOfBoundsException'> (0x06ca3fe0) thrown at [C:\re\workspace\8-2-build-windows-i586-cygwin\jdk8u111\7883\hotspot\src\share\vm\runtime\sharedRuntime.cpp, line 605]
Event: 30.073 Thread 0x1613d800 Exception <a 'java/lang/ArrayIndexOutOfBoundsException'> (0x06cad528) thrown at [C:\re\workspace\8-2-build-windows-i586-cygwin\jdk8u111\7883\hotspot\src\share\vm\runtime\sharedRuntime.cpp, line 605]
Event: 30.074 Thread 0x1613d800 Exception <a 'java/lang/ArrayIndexOutOfBoundsException'> (0x06cb6c00) thrown at [C:\re\workspace\8-2-build-windows-i586-cygwin\jdk8u111\7883\hotspot\src\share\vm\runtime\sharedRuntime.cpp, line 605]
Event: 30.075 Thread 0x1613d800 Exception <a 'java/lang/ArrayIndexOutOfBoundsException'> (0x06cbf5d8) thrown at [C:\re\workspace\8-2-build-windows-i586-cygwin\jdk8u111\7883\hotspot\src\share\vm\runtime\sharedRuntime.cpp, line 605]
Event: 30.092 Thread 0x1613d800 Exception <a 'java/lang/ArrayIndexOutOfBoundsException'> (0x06d613e8) thrown at [C:\re\workspace\8-2-build-windows-i586-cygwin\jdk8u111\7883\hotspot\src\share\vm\runtime\sharedRuntime.cpp, line 605]
Event: 30.093 Thread 0x1613d800 Exception <a 'java/lang/ArrayIndexOutOfBoundsException'> (0x06d6a888) thrown at [C:\re\workspace\8-2-build-windows-i586-cygwin\jdk8u111\7883\hotspot\src\share\vm\runtime\sharedRuntime.cpp, line 605]
Event: 30.104 Thread 0x1613d800 Exception <a 'java/io/FileNotFoundException'> (0x06dcc630) thrown at [C:\re\workspace\8-2-build-windows-i586-cygwin\jdk8u111\7883\hotspot\src\share\vm\prims\jni.cpp, line 709]
Event: 30.319 Thread 0x1613d800 Implicit null exception at 0x0290f478 to 0x00000000

Events (10 events):
Event: 30.284 loading class java/util/regex/Pattern$LazyLoop
Event: 30.284 loading class java/util/regex/Pattern$Loop
Event: 30.284 loading class java/util/regex/Pattern$Loop done
Event: 30.284 loading class java/util/regex/Pattern$LazyLoop done
Event: 30.284 loading class java/util/regex/Pattern$Prolog
Event: 30.284 loading class java/util/regex/Pattern$Prolog done
Event: 30.286 loading class org/springframework/core/io/FileSystemResource
Event: 30.286 loading class org/springframework/core/io/FileSystemResource done
Event: 30.286 loading class org/springframework/core/io/WritableResource
Event: 30.286 loading class org/springframework/core/io/WritableResource done


Dynamic libraries:
0x00f80000 - 0x00fb3000 	C:\Program Files (x86)\Java\jdk1.8.0_111\bin\java.exe
0x77650000 - 0x777d0000 	C:\Windows\SysWOW64\ntdll.dll
0x76540000 - 0x76650000 	C:\Windows\syswow64\kernel32.dll
0x76ff0000 - 0x77037000 	C:\Windows\syswow64\KERNELBASE.dll
0x752b0000 - 0x75351000 	C:\Windows\syswow64\ADVAPI32.dll
0x75360000 - 0x7540c000 	C:\Windows\syswow64\msvcrt.dll
0x768e0000 - 0x768f9000 	C:\Windows\SysWOW64\sechost.dll
0x76930000 - 0x76a20000 	C:\Windows\syswow64\RPCRT4.dll
0x74f00000 - 0x74f60000 	C:\Windows\syswow64\SspiCli.dll
0x74ef0000 - 0x74efc000 	C:\Windows\syswow64\CRYPTBASE.dll
0x76670000 - 0x76770000 	C:\Windows\syswow64\USER32.dll
0x76a20000 - 0x76ab0000 	C:\Windows\syswow64\GDI32.dll
0x76530000 - 0x7653a000 	C:\Windows\syswow64\LPK.dll
0x76490000 - 0x7652d000 	C:\Windows\syswow64\USP10.dll
0x714a0000 - 0x7163e000 	C:\Windows\WinSxS\x86_microsoft.windows.common-controls_6595b64144ccf1df_6.0.7601.18837_none_41e855142bd5705d\COMCTL32.dll
0x76e90000 - 0x76ee7000 	C:\Windows\syswow64\SHLWAPI.dll
0x76e30000 - 0x76e90000 	C:\Windows\system32\IMM32.DLL
0x770a0000 - 0x7716c000 	C:\Windows\syswow64\MSCTF.dll
0x73220000 - 0x73249000 	C:\Windows\SysWOW64\nvinit.dll
0x734b0000 - 0x734b9000 	C:\Windows\system32\VERSION.dll
0x72010000 - 0x72016000 	C:\Program Files (x86)\NVIDIA Corporation\CoProcManager\detoured.dll
0x71320000 - 0x71351000 	C:\Program Files (x86)\NVIDIA Corporation\CoProcManager\nvd3d9wrap.dll
0x754e0000 - 0x7567d000 	C:\Windows\syswow64\SETUPAPI.dll
0x77180000 - 0x771a7000 	C:\Windows\syswow64\CFGMGR32.dll
0x771b0000 - 0x77241000 	C:\Windows\syswow64\OLEAUT32.dll
0x76770000 - 0x768cc000 	C:\Windows\syswow64\ole32.dll
0x77050000 - 0x77062000 	C:\Windows\syswow64\DEVOBJ.dll
0x71cb0000 - 0x71cd0000 	C:\Program Files (x86)\NVIDIA Corporation\CoProcManager\nvdxgiwrap.dll
0x70980000 - 0x70a3f000 	C:\Program Files (x86)\Java\jdk1.8.0_111\jre\bin\msvcr100.dll
0x68790000 - 0x68b5d000 	C:\Program Files (x86)\Java\jdk1.8.0_111\jre\bin\client\jvm.dll
0x6a500000 - 0x6a507000 	C:\Windows\system32\WSOCK32.dll
0x75680000 - 0x756b5000 	C:\Windows\syswow64\WS2_32.dll
0x75810000 - 0x75816000 	C:\Windows\syswow64\NSI.dll
0x73250000 - 0x73282000 	C:\Windows\system32\WINMM.dll
0x77620000 - 0x77625000 	C:\Windows\syswow64\PSAPI.DLL
0x71f90000 - 0x71f9c000 	C:\Program Files (x86)\Java\jdk1.8.0_111\jre\bin\verify.dll
0x70c40000 - 0x70c61000 	C:\Program Files (x86)\Java\jdk1.8.0_111\jre\bin\java.dll
0x70bc0000 - 0x70be0000 	C:\Program Files (x86)\Java\jdk1.8.0_111\jre\bin\instrument.dll
0x71a60000 - 0x71a73000 	C:\Program Files (x86)\Java\jdk1.8.0_111\jre\bin\zip.dll
0x75820000 - 0x7646b000 	C:\Windows\syswow64\SHELL32.dll
0x752a0000 - 0x752ab000 	C:\Windows\syswow64\profapi.dll
0x70ba0000 - 0x70bb6000 	C:\Program Files\JetBrains\IntelliJ IDEA\bin\breakgen.dll
0x70b80000 - 0x70b96000 	C:\Program Files (x86)\Java\jdk1.8.0_111\jre\bin\net.dll
0x72860000 - 0x7289c000 	C:\Windows\system32\mswsock.dll
0x72850000 - 0x72856000 	C:\Windows\System32\wship6.dll
0x71fa0000 - 0x71faf000 	C:\Program Files (x86)\Java\jdk1.8.0_111\jre\bin\nio.dll
0x72750000 - 0x72766000 	C:\Windows\system32\CRYPTSP.dll
0x72650000 - 0x7268b000 	C:\Windows\system32\rsaenh.dll
0x76470000 - 0x76487000 	C:\Windows\syswow64\USERENV.dll
0x73490000 - 0x734ac000 	C:\Windows\system32\IPHLPAPI.DLL
0x73480000 - 0x73487000 	C:\Windows\system32\WINNSI.DLL
0x724f0000 - 0x72502000 	C:\Windows\system32\dhcpcsvc.DLL
0x72510000 - 0x7251d000 	C:\Windows\system32\dhcpcsvc6.DLL
0x711f0000 - 0x711fa000 	C:\Program Files (x86)\Java\jdk1.8.0_111\jre\bin\management.dll
0x728c0000 - 0x729ab000 	C:\Windows\system32\dbghelp.dll

VM Arguments:
jvm_args: -Dmaven.multiModuleProjectDirectory=E:\soft\Git\Hsite -Dmaven.home=C:\Program Files\JetBrains\IntelliJ IDEA\plugins\maven\lib\maven3 -Dclassworlds.conf=C:\Program Files\JetBrains\IntelliJ IDEA\plugins\maven\lib\maven3\bin\m2.conf -javaagent:C:\Program Files\JetBrains\IntelliJ IDEA\lib\idea_rt.jar=55166:C:\Program Files\JetBrains\IntelliJ IDEA\bin -Dfile.encoding=UTF-8 
java_command: org.codehaus.classworlds.Launcher -Didea.version=2017.3.2 org.apache.tomcat.maven:tomcat7-maven-plugin:2.2:run
java_class_path (initial): C:\Program Files\JetBrains\IntelliJ IDEA\plugins\maven\lib\maven3\boot\plexus-classworlds-2.5.2.jar;C:\Program Files\JetBrains\IntelliJ IDEA\lib\idea_rt.jar
Launcher Type: SUN_STANDARD

Environment Variables:
JAVA_HOME=C:\Program Files (x86)\Java\jdk1.7.0_17
CLASSPATH=.;C:\Program Files (x86)\Java\jdk1.7.0_17\lib\dt.jar;C:\Program Files (x86)\Java\jdk1.7.0_17\lib\tools.jar;
PATH=E:\soft\maven\apache-maven-3.5.0\bin;C:\app\Administrator\product\11.2.0\client_1;C:\ProgramData\Oracle\Java\javapath;C:\Windows\system32;C:\Windows;C:\Windows\System32\Wbem;C:\Windows\System32\WindowsPowerShell\v1.0\;C:\Program Files\TortoiseSVN\bin;C:\Program Files (x86)\Java\jdk1.7.0_17\bin;C:\Program Files (x86)\Java\jdk1.7.0_17\jre\bin;C:\Program Files (x86)\Git\cmd;C:\Users\Administrator\AppData\Local\GitHubDesktop\bin
USERNAME=Administrator
OS=Windows_NT
PROCESSOR_IDENTIFIER=Intel64 Family 6 Model 61 Stepping 4, GenuineIntel



---------------  S Y S T E M  ---------------

OS: Windows 7 , 64 bit Build 7601 (6.1.7601.23543)

CPU:total 4 (2 cores per cpu, 2 threads per core) family 6 model 61 stepping 4, cmov, cx8, fxsr, mmx, sse, sse2, sse3, ssse3, sse4.1, sse4.2, popcnt, avx, avx2, aes, clmul, erms, 3dnowpref, lzcnt, ht, tsc, tscinvbit, bmi1, bmi2, adx

Memory: 4k page, physical 8297776k(2447928k free), swap 16593692k(8255108k free)

vm_info: Java HotSpot(TM) Client VM (25.111-b14) for windows-x86 JRE (1.8.0_111-b14), built on Sep 22 2016 18:54:33 by "java_re" with MS VC++ 10.0 (VS2010)

time: Thu Jan 11 09:21:35 2018
elapsed time: 30 seconds (0d 0h 0m 30s)

